<?xml version="1.0" encoding="UTF-8" ?>
<testsuite failures="0" time="7.811" errors="0" skipped="0" tests="13" name="com.calc.CalculatorRunnerTest">
  <properties>
[...]
</properties>
  <testcase time="0" classname="Scenario: Calculate the cost of delaying starting a pension" name="Given That I click on pension delay calculator link"/>
  <testcase time="0" classname="Scenario: Calculate the cost of delaying starting a pension" name="Given I was born in the year 1980"/>
  <testcase time="0" classname="Scenario: Calculate the cost of delaying starting a pension" name="And My retirement age is 70"/>
  <testcase time="0" classname="Scenario: Calculate the cost of delaying starting a pension" name="And My Annual salary before tax is 50000"/>
  <testcase time="0" classname="Scenario: Calculate the cost of delaying starting a pension" name="And My gross pension contribution is 100  a &lt;selection&gt;:"/>
  <testcase time="0" classname="Scenario: Calculate the cost of delaying starting a pension" name="Then Tax relief from the taxman will be 40"/>
  <testcase time="0" classname="Scenario: Calculate the cost of delaying starting a pension" name="And My contribution will be 60"/>
  <testcase time="0" classname="Scenario: Calculate the cost of delaying starting a pension" name="When I delay starting my pension by 4 years"/>
  <testcase time="0" classname="Scenario: Calculate the cost of delaying starting a pension" name="Then My total pension pot could be 23"/>
  <testcase time="0" classname="Scenario: Calculate the cost of delaying starting a pension" name="And Annual pension in real terms"/>
  <testcase time="0" classname="Scenario: Calculate the cost of delaying starting a pension" name="And My total delayed pension pot could be"/>
  <testcase time="0" classname="Scenario: Calculate the cost of delaying starting a pension" name="And Delayed annual pension in real terms"/>
  <testcase time="0.154" classname="Scenario: Calculate the cost of delaying starting a pension" name="Scenario: Calculate the cost of delaying starting a pension"/>
</testsuite>